<?xml version="1.0" encoding="UTF-8"?>
<!-- Generated by org.testng.reporters.JUnitXMLReporter -->
<testsuite ignored="0" hostname="LAPTOP-MV8D8OCH" failures="0" tests="1" name="ChromeTest" time="82.467" errors="0" timestamp="2024-03-20T15:59:09 IST">
  <testcase classname="com.Amazon.qa.test.Az_TC4401_getProductRating" name="@BeforeMethod searchProduct" time="1.023">
    <failure type="org.openqa.selenium.NoSuchElementException" message="Unable to find element with locator By.id: twotabsearchtextbox
For documentation on this error, please visit: https://www.selenium.dev/documentation/webdriver/troubleshooting/errors#no-such-element-exception
Build info: version: &amp;apos;4.13.0&amp;apos;, revision: &amp;apos;ba948ece5b*&amp;apos;
System info: os.name: &amp;apos;Windows 11&amp;apos;, os.arch: &amp;apos;amd64&amp;apos;, os.version: &amp;apos;10.0&amp;apos;, java.version: &amp;apos;17.0.2&amp;apos;
Driver info: driver.version: RemoteWebDriver">
      <![CDATA[org.openqa.selenium.NoSuchElementException: Unable to find element with locator By.id: twotabsearchtextbox
For documentation on this error, please visit: https://www.selenium.dev/documentation/webdriver/troubleshooting/errors#no-such-element-exception
Build info: version: '4.13.0', revision: 'ba948ece5b*'
System info: os.name: 'Windows 11', os.arch: 'amd64', os.version: '10.0', java.version: '17.0.2'
Driver info: driver.version: RemoteWebDriver
at org.openqa.selenium.remote.ElementLocation$ElementFinder$2.findElement(ElementLocation.java:168)
at org.openqa.selenium.remote.ElementLocation.findElement(ElementLocation.java:66)
at org.openqa.selenium.remote.RemoteWebDriver.findElement(RemoteWebDriver.java:359)
at org.openqa.selenium.remote.RemoteWebDriver.findElement(RemoteWebDriver.java:353)
at org.openqa.selenium.support.pagefactory.DefaultElementLocator.findElement(DefaultElementLocator.java:68)
at org.openqa.selenium.support.pagefactory.internal.LocatingElementHandler.invoke(LocatingElementHandler.java:38)
at jdk.proxy2/jdk.proxy2.$Proxy18.sendKeys(Unknown Source)
at com.amazon.qa.pages.SearchPage.clickOnsearchbox(SearchPage.java:32)
at com.Amazon.qa.test.Az_TC4401_getProductRating.searchProduct(Az_TC4401_getProductRating.java:34)
at java.base/java.util.ArrayList.forEach(ArrayList.java:1511)
... Removed 31 stack frames]]>
    </failure>
  </testcase> <!-- @BeforeMethod searchProduct -->
  <testcase classname="com.Amazon.qa.test.Az_TC4401_getProductRating" name="@AfterMethod logout" time="-1.710930549475E9">
    <skipped/>
  </testcase> <!-- @AfterMethod logout -->
  <testcase classname="com.Amazon.qa.test.Az_TC4401_getProductRating" name="@AfterClass tearDown" time="-1.710930549499E9">
    <skipped/>
  </testcase> <!-- @AfterClass tearDown -->
  <testcase classname="com.Amazon.qa.test.Az_TC4401_getProductRating" name="ProductRating" time="0.0">
    <skipped/>
  </testcase> <!-- ProductRating -->
</testsuite> <!-- ChromeTest -->
